<?xml version="1.0" encoding="UTF-8"?>
<!-- Generated by org.testng.reporters.JUnitReportReporter -->
<testsuite skipped="0" hostname="Aihtesham" name="realprojectEE.RealTimePrj.SeleniumExampleTest" tests="1" failures="0" timestamp="31 Aug 2020 06:58:13 GMT" time="61.389" errors="0">
  <testcase name="doLogin" time="61.389" classname="realprojectEE.RealTimePrj.SeleniumExampleTest"/>
</testsuite> <!-- realprojectEE.RealTimePrj.SeleniumExampleTest -->
