<?xml version="1.0" encoding="UTF-8"?>
<!-- Generated by org.testng.reporters.JUnitReportReporter -->
<testsuite skipped="0" hostname="Aihtesham" name="realprojectEE.RealTimePrj.LoginTest" tests="3" failures="0" timestamp="31 Aug 2020 13:44:47 GMT" time="12.446" errors="0">
  <testcase name="doLogin" time="0.816" classname="realprojectEE.RealTimePrj.LoginTest"/>
  <testcase name="doLogin" time="0.782" classname="realprojectEE.RealTimePrj.LoginTest"/>
  <testcase name="doLogin" time="10.848" classname="realprojectEE.RealTimePrj.LoginTest"/>
</testsuite> <!-- realprojectEE.RealTimePrj.LoginTest -->
